<?xml version="1.0" encoding="UTF-8"?>
<!-- Generated by org.testng.reporters.JUnitReportReporter -->
<testsuite name="com.hotelogix.smoke.FrontdeskTest.Ftest" tests="6" time="1340.139" ignored="49" failures="0" timestamp="22 Dec 2024 19:25:44 GMT" skipped="0" hostname="Gaurav-Mehta-77" errors="0">
  <testcase name="fn_verifyNoShowSelectedInGrpReserv" time="150.227" classname="com.hotelogix.smoke.FrontdeskTest.Ftest"/>
  <testcase name="fn_verifyRouteChargeRouteToNewFolioRoutePayment" time="346.479" classname="com.hotelogix.smoke.FrontdeskTest.Ftest"/>
  <testcase name="fn_verifyHoldTillChkbxInSingleTempResv" time="88.005" classname="com.hotelogix.smoke.FrontdeskTest.Ftest"/>
  <testcase name="fn_verifyPOSItemthroughTRFtoroomAfterAutoNightAuditinAcc" time="330.461" classname="com.hotelogix.smoke.FrontdeskTest.Ftest"/>
  <testcase name="fn_verifySettleFolioAndPILockAlert" time="221.206" classname="com.hotelogix.smoke.FrontdeskTest.Ftest"/>
  <testcase name="fn_verifyChangeInCheckInAndCheckOutDateInGrpResv" time="203.761" classname="com.hotelogix.smoke.FrontdeskTest.Ftest"/>
  <testcase name="fn_verifyPOSOrderTransferToRoomAndConsolidateAcc" classname="com.hotelogix.smoke.FrontdeskTest.Ftest">
    <skipped/>
  </testcase> <!-- fn_verifyPOSOrderTransferToRoomAndConsolidateAcc -->
  <testcase name="fn_verifyCashCounterForYesOption" classname="com.hotelogix.smoke.FrontdeskTest.Ftest">
    <skipped/>
  </testcase> <!-- fn_verifyCashCounterForYesOption -->
  <testcase name="fn_SingleReservationCheckInThroughEnableEditingPage" classname="com.hotelogix.smoke.FrontdeskTest.Ftest">
    <skipped/>
  </testcase> <!-- fn_SingleReservationCheckInThroughEnableEditingPage -->
  <testcase name="fn_verify2Room1NGroupLnk" classname="com.hotelogix.smoke.FrontdeskTest.Ftest">
    <skipped/>
  </testcase> <!-- fn_verify2Room1NGroupLnk -->
  <testcase name="fn_create2Room1NReservation" classname="com.hotelogix.smoke.FrontdeskTest.Ftest">
    <skipped/>
  </testcase> <!-- fn_create2Room1NReservation -->
  <testcase name="fn_verifyTaxExemptforGrpreservation" classname="com.hotelogix.smoke.FrontdeskTest.Ftest">
    <skipped/>
  </testcase> <!-- fn_verifyTaxExemptforGrpreservation -->
  <testcase name="fn_verifyCheckinSelectedBtnInGrpResv" classname="com.hotelogix.smoke.FrontdeskTest.Ftest">
    <skipped/>
  </testcase> <!-- fn_verifyCheckinSelectedBtnInGrpResv -->
  <testcase name="fn_verifyEarlyCheckinSelectedBtnInGrpReserv" classname="com.hotelogix.smoke.FrontdeskTest.Ftest">
    <skipped/>
  </testcase> <!-- fn_verifyEarlyCheckinSelectedBtnInGrpReserv -->
  <testcase name="fn_verifyTransferToRoomInGrpReserv" classname="com.hotelogix.smoke.FrontdeskTest.Ftest">
    <skipped/>
  </testcase> <!-- fn_verifyTransferToRoomInGrpReserv -->
  <testcase name="fn_verify1N2RoomGrpCheckInForPkgWithInclusion" classname="com.hotelogix.smoke.FrontdeskTest.Ftest">
    <skipped/>
  </testcase> <!-- fn_verify1N2RoomGrpCheckInForPkgWithInclusion -->
  <testcase name="fn_verifyAddGuestDetailsInGrpReserv" classname="com.hotelogix.smoke.FrontdeskTest.Ftest">
    <skipped/>
  </testcase> <!-- fn_verifyAddGuestDetailsInGrpReserv -->
  <testcase name="fn_splitReservationUsingSplitButtonOnRightclickOptionofReservation" classname="com.hotelogix.smoke.FrontdeskTest.Ftest">
    <skipped/>
  </testcase> <!-- fn_splitReservationUsingSplitButtonOnRightclickOptionofReservation -->
  <testcase name="fn_verifyPostingInAccAfterAutoNAuditIn1R1NResvForPkgWithInclusion" classname="com.hotelogix.smoke.FrontdeskTest.Ftest">
    <skipped/>
  </testcase> <!-- fn_verifyPostingInAccAfterAutoNAuditIn1R1NResvForPkgWithInclusion -->
  <testcase name="fn_verifyChequePayNowInGrpReservThroughRTClkPayment" classname="com.hotelogix.smoke.FrontdeskTest.Ftest">
    <skipped/>
  </testcase> <!-- fn_verifyChequePayNowInGrpReservThroughRTClkPayment -->
  <testcase name="fn_verifyCustomChargeAndOtherCharge" classname="com.hotelogix.smoke.FrontdeskTest.Ftest">
    <skipped/>
  </testcase> <!-- fn_verifyCustomChargeAndOtherCharge -->
  <testcase name="fn_verifyAddEditGuestInfoAndPerNightPriceSplit" classname="com.hotelogix.smoke.FrontdeskTest.Ftest">
    <skipped/>
  </testcase> <!-- fn_verifyAddEditGuestInfoAndPerNightPriceSplit -->
  <testcase name="fn_verifyAddNewRoomAndDeleteActionInGrpReserv" classname="com.hotelogix.smoke.FrontdeskTest.Ftest">
    <skipped/>
  </testcase> <!-- fn_verifyAddNewRoomAndDeleteActionInGrpReserv -->
  <testcase name="fn_verifyAddNewRoomInGrpResv" classname="com.hotelogix.smoke.FrontdeskTest.Ftest">
    <skipped/>
  </testcase> <!-- fn_verifyAddNewRoomInGrpResv -->
  <testcase name="fn_create3Room4NSeasonalReserv" classname="com.hotelogix.smoke.FrontdeskTest.Ftest">
    <skipped/>
  </testcase> <!-- fn_create3Room4NSeasonalReserv -->
  <testcase name="fn_verifyAmountChangeInGrpReserv" classname="com.hotelogix.smoke.FrontdeskTest.Ftest">
    <skipped/>
  </testcase> <!-- fn_verifyAmountChangeInGrpReserv -->
  <testcase name="fn_verifyPriceChangeInGrpReservRoom" classname="com.hotelogix.smoke.FrontdeskTest.Ftest">
    <skipped/>
  </testcase> <!-- fn_verifyPriceChangeInGrpReservRoom -->
  <testcase name="fn_verify1Room1NSingleLnk" classname="com.hotelogix.smoke.FrontdeskTest.Ftest">
    <skipped/>
  </testcase> <!-- fn_verify1Room1NSingleLnk -->
  <testcase name="fn_verifySettleFolioAndLockFolioAlertAcceptInGrpResv" classname="com.hotelogix.smoke.FrontdeskTest.Ftest">
    <skipped/>
  </testcase> <!-- fn_verifySettleFolioAndLockFolioAlertAcceptInGrpResv -->
  <testcase name="fn_verifyAddEditDetailsInGrpReserv" classname="com.hotelogix.smoke.FrontdeskTest.Ftest">
    <skipped/>
  </testcase> <!-- fn_verifyAddEditDetailsInGrpReserv -->
  <testcase name="fn_verifyRTClickCheckinForGrpReserv" classname="com.hotelogix.smoke.FrontdeskTest.Ftest">
    <skipped/>
  </testcase> <!-- fn_verifyRTClickCheckinForGrpReserv -->
  <testcase name="fn_verifyChangeInRoomTariffForExtraBedInGrpResv" classname="com.hotelogix.smoke.FrontdeskTest.Ftest">
    <skipped/>
  </testcase> <!-- fn_verifyChangeInRoomTariffForExtraBedInGrpResv -->
  <testcase name="fn_SingleReservationCheckInThroughRightClickOption" classname="com.hotelogix.smoke.FrontdeskTest.Ftest">
    <skipped/>
  </testcase> <!-- fn_SingleReservationCheckInThroughRightClickOption -->
  <testcase name="fn_groupCheckInThroughRightClickOption" classname="com.hotelogix.smoke.FrontdeskTest.Ftest">
    <skipped/>
  </testcase> <!-- fn_groupCheckInThroughRightClickOption -->
  <testcase name="fn_verifyRefundfunctionalityforGroupResv" classname="com.hotelogix.smoke.FrontdeskTest.Ftest">
    <skipped/>
  </testcase> <!-- fn_verifyRefundfunctionalityforGroupResv -->
  <testcase name="fn_verify2Room1NAgentCorpLnk" classname="com.hotelogix.smoke.FrontdeskTest.Ftest">
    <skipped/>
  </testcase> <!-- fn_verify2Room1NAgentCorpLnk -->
  <testcase name="fn_verifyAssignChkbxInSingleTempResv" classname="com.hotelogix.smoke.FrontdeskTest.Ftest">
    <skipped/>
  </testcase> <!-- fn_verifyAssignChkbxInSingleTempResv -->
  <testcase name="fn_create2Room1NPkgWithInclusionReserv" classname="com.hotelogix.smoke.FrontdeskTest.Ftest">
    <skipped/>
  </testcase> <!-- fn_create2Room1NPkgWithInclusionReserv -->
  <testcase name="fn_create2R2NResvForWeeklyPostedPkgWithAddOns" classname="com.hotelogix.smoke.FrontdeskTest.Ftest">
    <skipped/>
  </testcase> <!-- fn_create2R2NResvForWeeklyPostedPkgWithAddOns -->
  <testcase name="fn_verifyManageSharerInGrpReserv" classname="com.hotelogix.smoke.FrontdeskTest.Ftest">
    <skipped/>
  </testcase> <!-- fn_verifyManageSharerInGrpReserv -->
  <testcase name="fn_verifyConsolidateAccountInNightAuditedGrpReserv" classname="com.hotelogix.smoke.FrontdeskTest.Ftest">
    <skipped/>
  </testcase> <!-- fn_verifyConsolidateAccountInNightAuditedGrpReserv -->
  <testcase name="fn_groupCheckInThroughEnableEditingPage" classname="com.hotelogix.smoke.FrontdeskTest.Ftest">
    <skipped/>
  </testcase> <!-- fn_groupCheckInThroughEnableEditingPage -->
  <testcase name="fn_create2NSingleReserv" classname="com.hotelogix.smoke.FrontdeskTest.Ftest">
    <skipped/>
  </testcase> <!-- fn_create2NSingleReserv -->
  <testcase name="fn_verifyDeletePerformaInvoicePopUp" classname="com.hotelogix.smoke.FrontdeskTest.Ftest">
    <skipped/>
  </testcase> <!-- fn_verifyDeletePerformaInvoicePopUp -->
  <testcase name="fn_verifyRTClickCheckInAndCancelCheckIn" classname="com.hotelogix.smoke.FrontdeskTest.Ftest">
    <skipped/>
  </testcase> <!-- fn_verifyRTClickCheckInAndCancelCheckIn -->
  <testcase name="fn_verifyPayTermInGrpReserv" classname="com.hotelogix.smoke.FrontdeskTest.Ftest">
    <skipped/>
  </testcase> <!-- fn_verifyPayTermInGrpReserv -->
  <testcase name="fn_verifyDNRForSelectedRoom" classname="com.hotelogix.smoke.FrontdeskTest.Ftest">
    <skipped/>
  </testcase> <!-- fn_verifyDNRForSelectedRoom -->
  <testcase name="fn_verifyConsolidateAccAfterTransferToRMOrder" classname="com.hotelogix.smoke.FrontdeskTest.Ftest">
    <skipped/>
  </testcase> <!-- fn_verifyConsolidateAccAfterTransferToRMOrder -->
  <testcase name="fn_verifyRouteToNewFolioRouteChargeAndRoutePayment" classname="com.hotelogix.smoke.FrontdeskTest.Ftest">
    <skipped/>
  </testcase> <!-- fn_verifyRouteToNewFolioRouteChargeAndRoutePayment -->
  <testcase name="fn_verifyRefund" classname="com.hotelogix.smoke.FrontdeskTest.Ftest">
    <skipped/>
  </testcase> <!-- fn_verifyRefund -->
  <testcase name="fn_verifyPayNowBtnInSampleRestaurant" classname="com.hotelogix.smoke.FrontdeskTest.Ftest">
    <skipped/>
  </testcase> <!-- fn_verifyPayNowBtnInSampleRestaurant -->
  <testcase name="fn_verifyTempReservBtnInSingleReserv" classname="com.hotelogix.smoke.FrontdeskTest.Ftest">
    <skipped/>
  </testcase> <!-- fn_verifyTempReservBtnInSingleReserv -->
  <testcase name="fn_verifyRTClickGrpCheckinAndCancelCheckinInGrpReserv" classname="com.hotelogix.smoke.FrontdeskTest.Ftest">
    <skipped/>
  </testcase> <!-- fn_verifyRTClickGrpCheckinAndCancelCheckinInGrpReserv -->
  <testcase name="fn_create1NRackRateReservWithAddOns" classname="com.hotelogix.smoke.FrontdeskTest.Ftest">
    <skipped/>
  </testcase> <!-- fn_create1NRackRateReservWithAddOns -->
  <testcase name="fn_create1Room3NSeasonalRateReserv" classname="com.hotelogix.smoke.FrontdeskTest.Ftest">
    <skipped/>
  </testcase> <!-- fn_create1Room3NSeasonalRateReserv -->
</testsuite> <!-- com.hotelogix.smoke.FrontdeskTest.Ftest -->
